PubDeals/PatientApp Latest/ResideMenu/build/intermediates/manifest_merge_blame_file/debug/manifest-merger-blame-debug-report.txt
1<?xml version="1.0" encoding="utf-8"?>
2<manifest xmlns:android="http://schemas.android.com/apk/res/android"
3    package="com.special.ResideMenu"
4    android:versionCode="1"
5    android:versionName="1.0" >
6
7    <uses-sdk
7-->Mythela User\ResideMenu\AndroidManifest.xml:7:5-17
8        android:minSdkVersion="16"
8-->Mythela User\ResideMenu\AndroidManifest.xml:7:5-17
9        android:targetSdkVersion="22" />
9-->Mythela User\ResideMenu\AndroidManifest.xml:7:5-17
10
11</manifest>